This is e-upTeX, Version 3.14159265-p3.8.1-u1.23-180226-2.6 (utf8.uptex) (TeX Live 2018) (preloaded format=uplatex 2018.10.31)  8 DEC 2018 22:40
entering extended mode
 restricted \write18 enabled.
 Source specials enabled.
 file:line:error style messages enabled.
 %&-line parsing enabled.
**master.tex
(./master.tex
pLaTeX2e <2018-07-28u02>+1 (based on LaTeX2e <2018-04-01> patch level 5)
(/usr/local/texlive/2018/texmf-dist/tex/latex/bxjscls/bxjsbook.cls
Document Class: bxjsbook 2018/10/03 v1.9d BXJS document classes
(/usr/local/texlive/2018/texmf-dist/tex/latex/tools/calc.sty
Package: calc 2017/05/25 v4.3 Infix arithmetic (KKT,FJ)
\calc@Acount=\count83
\calc@Bcount=\count84
\calc@Adimen=\dimen118
\calc@Bdimen=\dimen119
\calc@Askip=\skip41
\calc@Bskip=\skip42
LaTeX Info: Redefining \setlength on input line 80.
LaTeX Info: Redefining \addtolength on input line 81.
\calc@Ccount=\count85
\calc@Cskip=\skip43
) (/usr/local/texlive/2018/texmf-dist/tex/latex/graphics/keyval.sty
Package: keyval 2014/10/28 v1.15 key=value parser (DPC)
\KV@toks@=\toks15
) (/usr/local/texlive/2018/texmf-dist/tex/latex/bxjscls/bxjscompat.sty
Package: bxjscompat 2018/10/03 v1.9d BXJS document classes
) (/usr/local/texlive/2018/texmf-dist/tex/generic/oberdiek/ifpdf.sty
Package: ifpdf 2018/09/07 v3.3 Provides the ifpdf switch
)
\stockwidth=\dimen120
\stockheight=\dimen121
\jsc@mpt=\dimen122
\jsc@mmm=\dimen123
\jsZw=\dimen124
\jsc@smallskipamount=\skip44
LaTeX Font Info:    Font shape `JT2/mc/m/n' will be
(Font)              scaled to size 9.6222pt on input line 985.
LaTeX Font Info:    Font shape `JY2/mc/m/n' will be
(Font)              scaled to size 9.6222pt on input line 985.
\fullwidth=\dimen125
 (/usr/local/texlive/2018/texmf-dist/tex/latex/geometry/geometry.sty
Package: geometry 2018/04/16 v5.8 Page Geometry
 (/usr/local/texlive/2018/texmf-dist/tex/generic/oberdiek/ifvtex.sty
Package: ifvtex 2016/05/16 v1.6 Detect VTeX and its facilities (HO)
Package ifvtex Info: VTeX not detected.
) (/usr/local/texlive/2018/texmf-dist/tex/generic/ifxetex/ifxetex.sty
Package: ifxetex 2010/09/12 v0.6 Provides ifxetex conditional
)
\Gm@cnth=\count86
\Gm@cntv=\count87
\c@Gm@tempcnt=\count88
\Gm@bindingoffset=\dimen126
\Gm@wd@mp=\dimen127
\Gm@odd@mp=\dimen128
\Gm@even@mp=\dimen129
\Gm@layoutwidth=\dimen130
\Gm@layoutheight=\dimen131
\Gm@layouthoffset=\dimen132
\Gm@layoutvoffset=\dimen133
\Gm@dimlist=\toks16
)
\c@part=\count89
\c@chapter=\count90
\c@section=\count91
\c@subsection=\count92
\c@subsubsection=\count93
\c@paragraph=\count94
\c@subparagraph=\count95
\c@figure=\count96
\c@table=\count97
\abovecaptionskip=\skip45
\belowcaptionskip=\skip46
\jsc@tocl@width=\dimen134
\@lnumwidth=\dimen135
\bibindent=\dimen136
 (/usr/local/texlive/2018/texmf-dist/tex/latex/bxwareki/bxwareki.sty
Package: bxwareki 2018/10/01 v0.4
\c@warekiyear=\count98
 (/usr/local/texlive/2018/texmf-dist/tex/latex/bxwareki/bxwareki-cd.def
File: bxwareki-cd.def 2018/10/01 v0.4
))
\heisei=\count99
 (/usr/local/texlive/2018/texmf-dist/tex/latex/bxjscls/bxjsja-standard.def
File: bxjsja-standard.def 2018/10/03 v1.9d BXJS document classes
 (/usr/local/texlive/2018/texmf-dist/tex/latex/bxjscls/bxjsja-minimal.def
File: bxjsja-minimal.def 2018/10/03 v1.9d BXJS document classes
LaTeX Info: Redefining \rmfamily on input line 198.
LaTeX Info: Redefining \sffamily on input line 201.
LaTeX Info: Redefining \ttfamily on input line 204.
LaTeX Info: Redefining \textmc on input line 208.
LaTeX Info: Redefining \textgt on input line 209.
LaTeX Font Info:    Font shape `JT2/mc/m/n' will be
(Font)              scaled to size 9.24713pt on input line 213.
LaTeX Font Info:    Font shape `JY2/mc/m/n' will be
(Font)              scaled to size 9.24713pt on input line 213.
)
\symmincho=\mathgroup4
LaTeX Font Info:    Overwriting symbol font `mincho' in version `bold'
(Font)                  JY2/mc/m/n --> JY2/gt/m/n on input line 399.
LaTeX Info: Redefining \textmc on input line 667.
LaTeX Info: Redefining \textgt on input line 668.
)) (/usr/local/texlive/2018/texmf-dist/tex/latex/base/fontenc.sty
Package: fontenc 2017/04/05 v2.0i Standard LaTeX package
 (/usr/local/texlive/2018/texmf-dist/tex/latex/base/t1enc.def
File: t1enc.def 2017/04/05 v2.0i Standard LaTeX file
LaTeX Font Info:    Redeclaring font encoding T1 on input line 48.
)) (/usr/local/texlive/2018/texmf-dist/tex/latex/lm/lmodern.sty
Package: lmodern 2009/10/30 v1.6 Latin Modern Fonts
LaTeX Font Info:    Overwriting symbol font `operators' in version `normal'
(Font)                  OT1/cmr/m/n --> OT1/lmr/m/n on input line 22.
LaTeX Font Info:    Overwriting symbol font `letters' in version `normal'
(Font)                  OML/cmm/m/it --> OML/lmm/m/it on input line 23.
LaTeX Font Info:    Overwriting symbol font `symbols' in version `normal'
(Font)                  OMS/cmsy/m/n --> OMS/lmsy/m/n on input line 24.
LaTeX Font Info:    Overwriting symbol font `largesymbols' in version `normal'
(Font)                  OMX/cmex/m/n --> OMX/lmex/m/n on input line 25.
LaTeX Font Info:    Overwriting symbol font `operators' in version `bold'
(Font)                  OT1/cmr/bx/n --> OT1/lmr/bx/n on input line 26.
LaTeX Font Info:    Overwriting symbol font `letters' in version `bold'
(Font)                  OML/cmm/b/it --> OML/lmm/b/it on input line 27.
LaTeX Font Info:    Overwriting symbol font `symbols' in version `bold'
(Font)                  OMS/cmsy/b/n --> OMS/lmsy/b/n on input line 28.
LaTeX Font Info:    Overwriting symbol font `largesymbols' in version `bold'
(Font)                  OMX/cmex/m/n --> OMX/lmex/m/n on input line 29.
LaTeX Font Info:    Overwriting math alphabet `\mathbf' in version `normal'
(Font)                  OT1/cmr/bx/n --> OT1/lmr/bx/n on input line 31.
LaTeX Font Info:    Overwriting math alphabet `\mathsf' in version `normal'
(Font)                  OT1/cmss/m/n --> OT1/lmss/m/n on input line 32.
LaTeX Font Info:    Overwriting math alphabet `\mathit' in version `normal'
(Font)                  OT1/cmr/m/it --> OT1/lmr/m/it on input line 33.
LaTeX Font Info:    Overwriting math alphabet `\mathtt' in version `normal'
(Font)                  OT1/cmtt/m/n --> OT1/lmtt/m/n on input line 34.
LaTeX Font Info:    Overwriting math alphabet `\mathbf' in version `bold'
(Font)                  OT1/cmr/bx/n --> OT1/lmr/bx/n on input line 35.
LaTeX Font Info:    Overwriting math alphabet `\mathsf' in version `bold'
(Font)                  OT1/cmss/bx/n --> OT1/lmss/bx/n on input line 36.
LaTeX Font Info:    Overwriting math alphabet `\mathit' in version `bold'
(Font)                  OT1/cmr/bx/it --> OT1/lmr/bx/it on input line 37.
LaTeX Font Info:    Overwriting math alphabet `\mathtt' in version `bold'
(Font)                  OT1/cmtt/m/n --> OT1/lmtt/m/n on input line 38.
) (/usr/local/texlive/2018/texmf-dist/tex/latex/bxpapersize/bxpapersize.sty
Package: bxpapersize 2017/10/08 v0.3b
 (/usr/local/texlive/2018/texmf-dist/tex/latex/xkeyval/xkeyval.sty
Package: xkeyval 2014/12/03 v2.7a package option processing (HA)
 (/usr/local/texlive/2018/texmf-dist/tex/generic/xkeyval/xkeyval.tex (/usr/local/texlive/2018/texmf-dist/tex/generic/xkeyval/xkvutils.tex
\XKV@toks=\toks17
\XKV@tempa@toks=\toks18
)
\XKV@depth=\count100
File: xkeyval.tex 2014/12/03 v2.7a key=value parser (HA)
)) (/usr/local/texlive/2018/texmf-dist/tex/generic/oberdiek/atbegshi.sty
Package: atbegshi 2016/06/09 v1.18 At begin shipout hook (HO)
 (/usr/local/texlive/2018/texmf-dist/tex/generic/oberdiek/infwarerr.sty
Package: infwarerr 2016/05/16 v1.4 Providing info/warning/error messages (HO)
) (/usr/local/texlive/2018/texmf-dist/tex/generic/oberdiek/ltxcmds.sty
Package: ltxcmds 2016/05/16 v1.23 LaTeX kernel commands for general use (HO)
)) (/usr/local/texlive/2018/texmf-dist/tex/generic/oberdiek/ifluatex.sty
Package: ifluatex 2016/05/16 v1.4 Provides the ifluatex switch (HO)
Package ifluatex Info: LuaTeX not detected.
)
\bxpr@dima=\dimen137
) (/usr/local/texlive/2018/texmf-dist/tex/latex/comment/comment.sty
\CommentStream=\write3
 Excluding comment 'comment') (/usr/local/texlive/2018/texmf-dist/tex/latex/amsmath/amsmath.sty
Package: amsmath 2017/09/02 v2.17a AMS math features
\@mathmargin=\skip47

For additional information on amsmath, use the `?' option.
(/usr/local/texlive/2018/texmf-dist/tex/latex/amsmath/amstext.sty
Package: amstext 2000/06/29 v2.01 AMS text
 (/usr/local/texlive/2018/texmf-dist/tex/latex/amsmath/amsgen.sty
File: amsgen.sty 1999/11/30 v2.0 generic functions
\@emptytoks=\toks19
\ex@=\dimen138
)) (/usr/local/texlive/2018/texmf-dist/tex/latex/amsmath/amsbsy.sty
Package: amsbsy 1999/11/29 v1.2d Bold Symbols
\pmbraise@=\dimen139
) (/usr/local/texlive/2018/texmf-dist/tex/latex/amsmath/amsopn.sty
Package: amsopn 2016/03/08 v2.02 operator names
)
\inf@bad=\count101
LaTeX Info: Redefining \frac on input line 213.
\uproot@=\count102
\leftroot@=\count103
LaTeX Info: Redefining \overline on input line 375.
\classnum@=\count104
\DOTSCASE@=\count105
LaTeX Info: Redefining \ldots on input line 472.
LaTeX Info: Redefining \dots on input line 475.
LaTeX Info: Redefining \cdots on input line 596.
\Mathstrutbox@=\box42
\strutbox@=\box43
\big@size=\dimen140
LaTeX Font Info:    Redeclaring font encoding OML on input line 712.
LaTeX Font Info:    Redeclaring font encoding OMS on input line 713.
\macc@depth=\count106
\c@MaxMatrixCols=\count107
\dotsspace@=\muskip10
\c@parentequation=\count108
\dspbrk@lvl=\count109
\tag@help=\toks20
\row@=\count110
\column@=\count111
\maxfields@=\count112
\andhelp@=\toks21
\eqnshift@=\dimen141
\alignsep@=\dimen142
\tagshift@=\dimen143
\tagwidth@=\dimen144
\totwidth@=\dimen145
\lineht@=\dimen146
\@envbody=\toks22
\multlinegap=\skip48
\multlinetaggap=\skip49
\mathdisplay@stack=\toks23
LaTeX Info: Redefining \[ on input line 2817.
LaTeX Info: Redefining \] on input line 2818.
) (/usr/local/texlive/2018/texmf-dist/tex/latex/amsfonts/amssymb.sty
Package: amssymb 2013/01/14 v3.01 AMS font symbols
 (/usr/local/texlive/2018/texmf-dist/tex/latex/amsfonts/amsfonts.sty
Package: amsfonts 2013/01/14 v3.01 Basic AMSFonts support
\symAMSa=\mathgroup5
\symAMSb=\mathgroup6
LaTeX Font Info:    Overwriting math alphabet `\mathfrak' in version `bold'
(Font)                  U/euf/m/n --> U/euf/b/n on input line 106.
)) (/usr/local/texlive/2018/texmf-dist/tex/latex/graphics/graphicx.sty
Package: graphicx 2017/06/01 v1.1a Enhanced LaTeX Graphics (DPC,SPQR)
 (/usr/local/texlive/2018/texmf-dist/tex/latex/graphics/graphics.sty
Package: graphics 2017/06/25 v1.2c Standard LaTeX Graphics (DPC,SPQR)
 (/usr/local/texlive/2018/texmf-dist/tex/latex/graphics/trig.sty
Package: trig 2016/01/03 v1.10 sin cos tan (DPC)
) (/usr/local/texlive/2018/texmf-dist/tex/latex/graphics-cfg/graphics.cfg
File: graphics.cfg 2016/06/04 v1.11 sample graphics configuration
)
Package graphics Info: Driver file: dvipdfmx.def on input line 99.
 (/usr/local/texlive/2018/texmf-dist/tex/latex/graphics-def/dvipdfmx.def
File: dvipdfmx.def 2017/06/24 v5.0g Graphics/color driver for dvipdfmx
))
\Gin@req@height=\dimen147
\Gin@req@width=\dimen148
) (/usr/local/texlive/2018/texmf-dist/tex/latex/amscls/amsthm.sty
Package: amsthm 2017/10/31 v2.20.4
\thm@style=\toks24
\thm@bodyfont=\toks25
\thm@headfont=\toks26
\thm@notefont=\toks27
\thm@headpunct=\toks28
\thm@preskip=\skip50
\thm@postskip=\skip51
\thm@headsep=\skip52
\dth@everypar=\toks29
) (/usr/local/texlive/2018/texmf-dist/tex/latex/wrapfig/wrapfig.sty
\wrapoverhang=\dimen149
\WF@size=\dimen150
\c@WF@wrappedlines=\count113
\WF@box=\box44
\WF@everypar=\toks30
Package: wrapfig 2003/01/31  v 3.6
) (/usr/local/texlive/2018/texmf-dist/tex/latex/tools/enumerate.sty
Package: enumerate 2015/07/23 v3.00 enumerate extensions (DPC)
\@enLab=\toks31
) (/usr/local/texlive/2018/texmf-dist/tex/latex/braket/braket.sty) (/usr/local/texlive/2018/texmf-dist/tex/platex/jsclasses/okumacro.sty
Package: okumacro 2018/06/11 okumura, texjporg
LaTeX Info: Redefining \yen on input line 132.
\@scw=\dimen151
\scb@x=\box45
\EXAMPLEWIDTH=\dimen152
\shaderule=\dimen153
) (/usr/local/texlive/2018/texmf-dist/tex/latex/bussproofs/bussproofs.sty
Proof Tree (bussproofs) style macros. Version 1.1.
\theLevel=\count114
\myMaxLevel=\count115
\myBoxA=\box46
\myBoxB=\box47
\myBoxC=\box48
\myBoxD=\box49
\myBoxLL=\box50
\myBoxRL=\box51
\thisAboveSkip=\dimen154
\thisBelowSkip=\dimen155
\newScoreStart=\dimen156
\newScoreEnd=\dimen157
\newCenter=\dimen158
\displace=\dimen159
\leftLowerAmt=\dimen160
\rightLowerAmt=\dimen161
\scoreHeight=\dimen162
\scoreDepth=\dimen163
\htLbox=\dimen164
\htRbox=\dimen165
\htRRbox=\dimen166
\htRRRbox=\dimen167
\htAbox=\dimen168
\htCbox=\dimen169
) (/usr/local/texlive/2018/texmf-dist/tex/latex/tools/longtable.sty
Package: longtable 2014/10/28 v4.11 Multi-page Table package (DPC)
\LTleft=\skip53
\LTright=\skip54
\LTpre=\skip55
\LTpost=\skip56
\LTchunksize=\count116
\LTcapwidth=\dimen170
\LT@head=\box52
\LT@firsthead=\box53
\LT@foot=\box54
\LT@lastfoot=\box55
\LT@cols=\count117
\LT@rows=\count118
\c@LT@tables=\count119
\c@LT@chunks=\count120
\LT@p@ftn=\toks32
) (/usr/local/texlive/2018/texmf-dist/tex/latex/jknapltx/mathrsfs.sty
Package: mathrsfs 1996/01/01 Math RSFS package v1.0 (jk)
\symrsfs=\mathgroup7
) (/usr/local/texlive/2018/texmf-dist/tex/latex/framed/framed.sty
Package: framed 2011/10/22 v 0.96: framed or shaded text with page breaks
\OuterFrameSep=\skip57
\fb@frw=\dimen171
\fb@frh=\dimen172
\FrameRule=\dimen173
\FrameSep=\dimen174
) (/usr/local/texlive/2018/texmf-dist/tex/latex/setspace/setspace.sty
Package: setspace 2011/12/19 v6.7a set line spacing
) (/usr/local/texlive/2018/texmf-dist/tex/latex/index/index.sty
Package: index 2004/01/20 v4.2beta Improved index support (dmj)
\@indexbox=\insert199
\indexproofstyle=\toks33
) (/usr/local/texlive/2018/texmf-dist/tex/latex/caption/subcaption.sty
Package: subcaption 2018/05/01 v1.1-162 Sub-captions (AR)
 (/usr/local/texlive/2018/texmf-dist/tex/latex/caption/caption.sty
Package: caption 2018/10/06 v3.3-154 Customizing captions (AR)
 (/usr/local/texlive/2018/texmf-dist/tex/latex/caption/caption3.sty
Package: caption3 2018/09/12 v1.8c caption3 kernel (AR)
Package caption3 Info: TeX engine: e-TeX on input line 64.
\captionmargin=\dimen175
\captionmargin@=\dimen176
\captionwidth=\dimen177
\caption@tempdima=\dimen178
\caption@indent=\dimen179
\caption@parindent=\dimen180
\caption@hangindent=\dimen181
Package caption Info: Unknown document class (or package),
(caption)             standard defaults will be used.
)

Package caption Warning: Unsupported document class (or package) detected,
(caption)                usage of the caption package is not recommended.
See the caption package documentation for explanation.

Package caption Info: \@makecaption = \long macro:#1#2->{\small \advance \leftskip .0628\linewidth \advance \rightskip .0628\linewidth \vskip \abovecaptionskip \sbox \@tempboxa {#1\zwspace #2}\ifdim \wd \@tempboxa <\hsize \centering \fi #1\zwspace #2\par \vskip \belowcaptionskip }.
\c@caption@flags=\count121
\c@ContinuedFloat=\count122
Package caption Info: longtable package is loaded.
(/usr/local/texlive/2018/texmf-dist/tex/latex/caption/ltcaption.sty
Package: ltcaption 2018/08/26 v1.4-95 longtable captions (AR)
)
Package caption Info: wrapfig package is loaded.
)
\c@subfigure=\count123
\c@subtable=\count124
)
\idxtitle@nidx=\toks34
\tf@nidx=\write4
\openout4 = `master.aidx'.

Package index Info: Writing index file master.aidx on input line 35.
\idxtitle@widx=\toks35
\tf@widx=\write5
\openout5 = `master.bidx'.

Package index Info: Writing index file master.bidx on input line 36.
\c@thm=\count125
\c@ex=\count126
\c@que=\count127
\c@lemma=\count128
 (./master.aux)
\openout1 = `master.aux'.

LaTeX Font Info:    Checking defaults for OML/cmm/m/it on input line 138.
LaTeX Font Info:    ... okay on input line 138.
LaTeX Font Info:    Checking defaults for T1/cmr/m/n on input line 138.
LaTeX Font Info:    ... okay on input line 138.
LaTeX Font Info:    Checking defaults for OT1/cmr/m/n on input line 138.
LaTeX Font Info:    ... okay on input line 138.
LaTeX Font Info:    Checking defaults for OMS/cmsy/m/n on input line 138.
LaTeX Font Info:    ... okay on input line 138.
LaTeX Font Info:    Checking defaults for OMX/cmex/m/n on input line 138.
LaTeX Font Info:    ... okay on input line 138.
LaTeX Font Info:    Checking defaults for U/cmr/m/n on input line 138.
LaTeX Font Info:    ... okay on input line 138.
LaTeX Font Info:    Checking defaults for JY2/mc/m/n on input line 138.
LaTeX Font Info:    ... okay on input line 138.
LaTeX Font Info:    Checking defaults for JT2/mc/m/n on input line 138.
LaTeX Font Info:    ... okay on input line 138.
 (I search kanjifont definition file: . . ) (I search font definition file: . . . . . . . )
LaTeX Font Info:    Try loading font information for T1+lmr on input line 138.
 (/usr/local/texlive/2018/texmf-dist/tex/latex/lm/t1lmr.fd
File: t1lmr.fd 2009/10/30 v1.6 Font defs for Latin Modern
)
*geometry* detected driver: dvipdfm
*geometry* verbose mode - [ preamble ] result:
* driver: dvipdfm
* paper: a5paper
* layout: <same size as paper>
* layoutoffset:(h,v)=(0.0pt,0.0pt)
* vratio: 1:1
* modes: includehead includefoot twoside truedimen 
* h-part:(L,W,R)=(51.21469pt, 282.13751pt, 51.21469pt)
* v-part:(T,H,B)=(46.38138pt, 452.90646pt, 46.3814pt)
* \paperwidth=421.08444pt
* \paperheight=597.49146pt
* \textwidth=277.41394pt
* \textheight=410.0pt
* \oddsidemargin=-12.42326pt
* \evensidemargin=-12.42326pt
* \topmargin=-21.70091pt
* \headheight=20.0pt
* \headsep=17.07156pt
* \topskip=10.0pt
* \footskip=0.0pt
* \marginparwidth=0.0pt
* \marginparsep=18.49426pt
* \columnsep=18.49426pt
* \skip\footins=16.0pt plus 5.0pt minus 2.0pt
* \hoffset=0.00548pt
* \voffset=0.00548pt
* \mag=1095
* \@twocolumnfalse
* \@twosidetrue
* \@mparswitchtrue
* \@reversemarginfalse
* (1in=72.27pt=25.4mm, 1cm=28.453pt)

\AtBeginShipoutBox=\box56
Package caption Info: Begin \AtBeginDocument code.
Package caption Info: End \AtBeginDocument code.
LaTeX Font Info:    Font shape `JT2/mc/m/n' will be
(Font)              scaled to size 15.97903pt on input line 147.
LaTeX Font Info:    Font shape `JY2/mc/m/n' will be
(Font)              scaled to size 15.97903pt on input line 147.
LaTeX Font Info:    Font shape `JT2/mc/m/n' will be
(Font)              scaled to size 11.09656pt on input line 147.
LaTeX Font Info:    Font shape `JY2/mc/m/n' will be
(Font)              scaled to size 11.09656pt on input line 147.
LaTeX Font Info:    Try loading font information for OT1+lmr on input line 147.
(/usr/local/texlive/2018/texmf-dist/tex/latex/lm/ot1lmr.fd
File: ot1lmr.fd 2009/10/30 v1.6 Font defs for Latin Modern
)
LaTeX Font Info:    Try loading font information for OML+lmm on input line 147.
 (/usr/local/texlive/2018/texmf-dist/tex/latex/lm/omllmm.fd
File: omllmm.fd 2009/10/30 v1.6 Font defs for Latin Modern
)
LaTeX Font Info:    Try loading font information for OMS+lmsy on input line 147.
 (/usr/local/texlive/2018/texmf-dist/tex/latex/lm/omslmsy.fd
File: omslmsy.fd 2009/10/30 v1.6 Font defs for Latin Modern
)
LaTeX Font Info:    Try loading font information for OMX+lmex on input line 147.
 (/usr/local/texlive/2018/texmf-dist/tex/latex/lm/omxlmex.fd
File: omxlmex.fd 2009/10/30 v1.6 Font defs for Latin Modern
)
LaTeX Font Info:    External font `lmex10' loaded for size
(Font)              <12> on input line 147.
LaTeX Font Info:    External font `lmex10' loaded for size
(Font)              <8> on input line 147.
LaTeX Font Info:    External font `lmex10' loaded for size
(Font)              <6> on input line 147.
LaTeX Font Info:    Font shape `JY2/mc/m/n' will be
(Font)              scaled to size 7.3977pt on input line 147.
LaTeX Font Info:    Font shape `JY2/mc/m/n' will be
(Font)              scaled to size 5.54828pt on input line 147.
LaTeX Font Info:    Try loading font information for U+msa on input line 147.
 (/usr/local/texlive/2018/texmf-dist/tex/latex/amsfonts/umsa.fd
File: umsa.fd 2013/01/14 v3.01 AMS symbols A
)
LaTeX Font Info:    Try loading font information for U+msb on input line 147.
 (/usr/local/texlive/2018/texmf-dist/tex/latex/amsfonts/umsb.fd
File: umsb.fd 2013/01/14 v3.01 AMS symbols B
)
LaTeX Font Info:    Try loading font information for U+rsfs on input line 147.
 (/usr/local/texlive/2018/texmf-dist/tex/latex/jknapltx/ursfs.fd
File: ursfs.fd 1998/03/24 rsfs font definition file (jk)
) [1



] [2

] (./inputyou/jobun/jobun.tex
LaTeX Font Info:    Font shape `JT2/mc/m/n' will be
(Font)              scaled to size 23.00687pt on input line 1.
LaTeX Font Info:    Font shape `JY2/mc/m/n' will be
(Font)              scaled to size 23.00687pt on input line 1.
LaTeX Font Info:    Font shape `JT2/gt/m/n' will be
(Font)              scaled to size 23.00687pt on input line 1.
LaTeX Font Info:    Font shape `JY2/gt/m/n' will be
(Font)              scaled to size 23.00687pt on input line 1.
LaTeX Font Info:    Try loading font information for T1+lmss on input line 1.
 (/usr/local/texlive/2018/texmf-dist/tex/latex/lm/t1lmss.fd
File: t1lmss.fd 2009/10/30 v1.6 Font defs for Latin Modern
)
LaTeX Font Info:    External font `lmex10' loaded for size
(Font)              <10> on input line 32.
LaTeX Font Info:    External font `lmex10' loaded for size
(Font)              <7> on input line 32.
LaTeX Font Info:    External font `lmex10' loaded for size
(Font)              <5> on input line 32.
LaTeX Font Info:    Font shape `JY2/mc/m/n' will be
(Font)              scaled to size 6.47299pt on input line 32.
LaTeX Font Info:    Font shape `JY2/mc/m/n' will be
(Font)              scaled to size 4.62357pt on input line 32.
LaTeX Font Info:    Font shape `JT2/mc/m/n' will be
(Font)              scaled to size 6.47299pt on input line 32.
LaTeX Font Info:    Font shape `JT2/mc/m/n' will be
(Font)              scaled to size 7.3977pt on input line 39.
LaTeX Font Info:    Font shape `JT2/mc/m/n' will be
(Font)              scaled to size 5.54828pt on input line 39.
LaTeX Font Info:    Font shape `JT2/mc/bx/n' in size <10> not available
(Font)              Font shape `JT2/gt/m/n' tried instead on input line 43.
LaTeX Font Info:    Font shape `JT2/gt/m/n' will be
(Font)              scaled to size 9.24713pt on input line 43.
LaTeX Font Info:    Font shape `JY2/mc/bx/n' in size <10> not available
(Font)              Font shape `JY2/gt/m/n' tried instead on input line 43.
LaTeX Font Info:    Font shape `JY2/gt/m/n' will be
(Font)              scaled to size 9.24713pt on input line 43.
 [1

] [2] [3]) (./inputyou/jobun/letter.tex
LaTeX Font Info:    Try loading font information for U+euf on input line 98.
 (/usr/local/texlive/2018/texmf-dist/tex/latex/amsfonts/ueuf.fd
File: ueuf.fd 2013/01/14 v3.01 Euler Fraktur
)) [4] [5] [6] [7] [8] (./master.toc [9

])
\tf@toc=\write6
\openout6 = `master.toc'.

 [10] (./inputyou/axiom/axiom.tex
第0章
LaTeX Font Info:    Font shape `JT2/mc/m/n' will be
(Font)              scaled to size 19.17854pt on input line 1.
LaTeX Font Info:    Font shape `JY2/mc/m/n' will be
(Font)              scaled to size 19.17854pt on input line 1.
LaTeX Font Info:    Font shape `JT2/gt/m/n' will be
(Font)              scaled to size 19.17854pt on input line 1.
LaTeX Font Info:    Font shape `JY2/gt/m/n' will be
(Font)              scaled to size 19.17854pt on input line 1.
[1


]
LaTeX Font Info:    Font shape `JT2/mc/m/n' will be
(Font)              scaled to size 13.31586pt on input line 18.
LaTeX Font Info:    Font shape `JY2/mc/m/n' will be
(Font)              scaled to size 13.31586pt on input line 18.
LaTeX Font Info:    Font shape `JT2/gt/m/n' will be
(Font)              scaled to size 13.31586pt on input line 18.
LaTeX Font Info:    Font shape `JY2/gt/m/n' will be
(Font)              scaled to size 13.31586pt on input line 18.
 [2]
LaTeX Font Info:    Try loading font information for OMS+lmr on input line 53.
 (/usr/local/texlive/2018/texmf-dist/tex/latex/lm/omslmr.fd
File: omslmr.fd 2009/10/30 v1.6 Font defs for Latin Modern
)
LaTeX Font Info:    Font shape `OMS/lmr/m/n' in size <10> not available
(Font)              Font shape `OMS/lmsy/m/n' tried instead on input line 53.
 [3] [4] [5]
LaTeX Font Info:    Font shape `JT2/gt/m/it' in size <10> not available
(Font)              Font shape `JT2/gt/m/n' tried instead on input line 167.
LaTeX Font Info:    Font shape `JT2/gt/m/n' will be
(Font)              scaled to size 9.24713pt on input line 167.
LaTeX Font Info:    Font shape `JY2/gt/m/it' in size <10> not available
(Font)              Font shape `JY2/gt/m/n' tried instead on input line 167.
LaTeX Font Info:    Font shape `JY2/gt/m/n' will be
(Font)              scaled to size 9.24713pt on input line 167.
 [6] [7]
LaTeX Font Info:    Font shape `JT2/gt/m/n' will be
(Font)              scaled to size 7.3977pt on input line 265.
LaTeX Font Info:    Font shape `JY2/gt/m/n' will be
(Font)              scaled to size 7.3977pt on input line 265.
LaTeX Font Info:    Font shape `JT2/gt/m/it' in size <8> not available
(Font)              Font shape `JT2/gt/m/n' tried instead on input line 265.
LaTeX Font Info:    Font shape `JT2/gt/m/n' will be
(Font)              scaled to size 7.3977pt on input line 265.
LaTeX Font Info:    Font shape `JY2/gt/m/it' in size <8> not available
(Font)              Font shape `JY2/gt/m/n' tried instead on input line 265.
LaTeX Font Info:    Font shape `JY2/gt/m/n' will be
(Font)              scaled to size 7.3977pt on input line 265.
 [8] [9] [10] [11] [12] [13]
LaTeX Font Info:    Font shape `JT2/mc/m/n' will be
(Font)              scaled to size 4.62357pt on input line 447.


LaTeX Font Warning: Command \normalsize invalid in math mode on input line 454.

[14] [15] [16]

Package amsmath Warning: Foreign command \over;
(amsmath)                \frac or \genfrac should be used instead
(amsmath)                 on input line 559.

[17] [18] [19]
LaTeX Font Info:    Font shape `JT2/gt/m/it' in size <5> not available
(Font)              Font shape `JT2/gt/m/n' tried instead on input line 651.
LaTeX Font Info:    Font shape `JT2/gt/m/n' will be
(Font)              scaled to size 4.62357pt on input line 651.
LaTeX Font Info:    Font shape `JY2/gt/m/it' in size <5> not available
(Font)              Font shape `JY2/gt/m/n' tried instead on input line 651.
LaTeX Font Info:    Font shape `JY2/gt/m/n' will be
(Font)              scaled to size 4.62357pt on input line 651.
 [20] [21] [22] [23] [24]) (./inputyou/kigouronri/kigouronri.tex [25] [26

]
第1章
[27] [28]

LaTeX Font Warning: Command \normalsize invalid in math mode on input line 123.

[29] [30] [31] [32] [33] [34] [35] [36] [37] [38] [39] [40] [41] [42] [43] [44] [45] [46]
\myBox1=\box57
\myScoreStart1=\dimen182
\myCenter1=\dimen183
\myScoreEnd1=\dimen184
\myBox2=\box58
\myScoreStart2=\dimen185
\myCenter2=\dimen186
\myScoreEnd2=\dimen187
\myBox3=\box59
\myScoreStart3=\dimen188
\myCenter3=\dimen189
\myScoreEnd3=\dimen190

Underfull \hbox (badness 7030) in paragraph at lines 862--948
[][]   []
 []


Underfull \hbox (badness 7030) in paragraph at lines 862--948
[]   []
 []


Underfull \hbox (badness 10000) in paragraph at lines 862--948
[]
 []


Underfull \hbox (badness 10000) in paragraph at lines 862--948
[]   []
 []


Underfull \hbox (badness 10000) in paragraph at lines 862--948
[] []
 []


Underfull \hbox (badness 10000) in paragraph at lines 862--948
[][]   []
 []


Underfull \vbox (badness 10000) detected at line 949
 []

[47] [48] [49] [50]
LaTeX Font Info:    Font shape `JT2/mc/m/it' in size <10> not available
(Font)              Font shape `JT2/mc/m/n' tried instead on input line 1056.
LaTeX Font Info:    Font shape `JT2/mc/m/n' will be
(Font)              scaled to size 9.24713pt on input line 1056.
LaTeX Font Info:    Font shape `JY2/mc/m/it' in size <10> not available
(Font)              Font shape `JY2/mc/m/n' tried instead on input line 1056.
LaTeX Font Info:    Font shape `JY2/mc/m/n' will be
(Font)              scaled to size 9.24713pt on input line 1056.
LaTeX Font Info:    Font shape `JT2/mc/bx/it' in size <10> not available
(Font)              Font shape `JT2/gt/m/n' tried instead on input line 1056.
LaTeX Font Info:    Font shape `JT2/gt/m/n' will be
(Font)              scaled to size 9.24713pt on input line 1056.
LaTeX Font Info:    Font shape `JY2/mc/bx/it' in size <10> not available
(Font)              Font shape `JY2/gt/m/n' tried instead on input line 1056.
LaTeX Font Info:    Font shape `JY2/gt/m/n' will be
(Font)              scaled to size 9.24713pt on input line 1056.
 [51] [52] [53]
Underfull \vbox (badness 2326) detected at line 1236
 []

[54] [55] [56] [57] [58] [59] [60] [61] [62] [63] [64] [65] [66] [67] [68] [69] [70] [71] [72] [73] [74]) (./inputyou/set/set.tex [75] [76

]
第2章
[77] [78] [79] [80]

LaTeX Font Warning: Command \normalsize invalid in math mode on input line 172.

[81] [82]

LaTeX Font Warning: Command \normalsize invalid in math mode on input line 254.


LaTeX Font Warning: Command \normalsize invalid in math mode on input line 258.

[83] [84] [85] [86] [87] [88] [89] [90] [91]
File: inputyou/set/picture/seteulerdia.pdf Graphic file (type pdf)
<inputyou/set/picture/seteulerdia.pdf>
LaTeX Font Info:    Font shape `JT2/mc/m/n' will be
(Font)              scaled to size 8.32242pt on input line 645.
LaTeX Font Info:    Font shape `JY2/mc/m/n' will be
(Font)              scaled to size 8.32242pt on input line 645.
File: inputyou/set/picture/setvenndia.pdf Graphic file (type pdf)
<inputyou/set/picture/setvenndia.pdf>
File: inputyou/set/picture/setvennproper.pdf Graphic file (type pdf)
<inputyou/set/picture/setvennproper.pdf>
 [92]
File: inputyou/set/picture/setunion.pdf Graphic file (type pdf)
<inputyou/set/picture/setunion.pdf>
File: inputyou/set/picture/setintersection.pdf Graphic file (type pdf)
<inputyou/set/picture/setintersection.pdf>
File: inputyou/set/picture/setvenndia.pdf Graphic file (type pdf)
<inputyou/set/picture/setvenndia.pdf>
File: inputyou/set/picture/setbunpaicap.pdf Graphic file (type pdf)
<inputyou/set/picture/setbunpaicap.pdf>
File: inputyou/set/picture/setbunpaicup.pdf Graphic file (type pdf)
<inputyou/set/picture/setbunpaicup.pdf>
 [93]
File: inputyou/set/picture/setcomplement.pdf Graphic file (type pdf)
<inputyou/set/picture/setcomplement.pdf>
File: inputyou/set/picture/setdemorgancup.pdf Graphic file (type pdf)
<inputyou/set/picture/setdemorgancup.pdf>
File: inputyou/set/picture/setdemorgancap.pdf Graphic file (type pdf)
<inputyou/set/picture/setdemorgancap.pdf>
 [94] [95] [96] [97] [98] [99] [100]
File: inputyou/set/picture/map01.pdf Graphic file (type pdf)
<inputyou/set/picture/map01.pdf>
File: inputyou/set/picture/map02.pdf Graphic file (type pdf)
<inputyou/set/picture/map02.pdf>
File: inputyou/set/picture/mapex.pdf Graphic file (type pdf)
<inputyou/set/picture/mapex.pdf>


LaTeX Warning: `h' float specifier changed to `ht'.

[101] [102] [103] [104] [105] [106]
File: inputyou/set/picture/setcomposite.pdf Graphic file (type pdf)
<inputyou/set/picture/setcomposite.pdf>
 [107] [108] [109] [110] [111] [112] [113] [114] [115] [116] [117] [118] [119]) (./inputyou/realnumber/realnumber.tex [120]
第3章
[121

]
File: inputyou/realnumber/picture/cutrational1.pdf Graphic file (type pdf)
<inputyou/realnumber/picture/cutrational1.pdf>
File: inputyou/realnumber/picture/cutrational2.pdf Graphic file (type pdf)
<inputyou/realnumber/picture/cutrational2.pdf>
 [122]

LaTeX Font Warning: Command \normalsize invalid in math mode on input line 79.


LaTeX Font Warning: Command \normalsize invalid in math mode on input line 83.

[123] [124] [125]

LaTeX Font Warning: Command \normalsize invalid in math mode on input line 198.

LaTeX Font Info:    Font shape `JT2/mc/bx/n' in size <5> not available
(Font)              Font shape `JT2/gt/m/n' tried instead on input line 220.
LaTeX Font Info:    Font shape `JT2/gt/m/n' will be
(Font)              scaled to size 4.62357pt on input line 220.
LaTeX Font Info:    Font shape `JY2/mc/bx/n' in size <5> not available
(Font)              Font shape `JY2/gt/m/n' tried instead on input line 220.
LaTeX Font Info:    Font shape `JY2/gt/m/n' will be
(Font)              scaled to size 4.62357pt on input line 220.
[126] [127] [128] [129] [130] [131] [132] [133]

LaTeX Font Warning: Command \normalsize invalid in math mode on input line 591.

[134]

LaTeX Font Warning: Command \normalsize invalid in math mode on input line 600.


LaTeX Font Warning: Command \normalsize invalid in math mode on input line 606.


LaTeX Font Warning: Command \normalsize invalid in math mode on input line 611.


LaTeX Font Warning: Command \normalsize invalid in math mode on input line 622.

[135] [136]

LaTeX Font Warning: Command \normalsize invalid in math mode on input line 699.

[137] [138]

LaTeX Font Warning: Command \normalsize invalid in math mode on input line 793.

[139] [140] [141] [142] [143]

LaTeX Font Warning: Command \normalsize invalid in math mode on input line 1029.


LaTeX Font Warning: Command \normalsize invalid in math mode on input line 1034.


LaTeX Font Warning: Command \normalsize invalid in math mode on input line 1038.

[144] [145] [146] [147] [148]

LaTeX Font Warning: Command \normalsize invalid in math mode on input line 1238.

[149] [150] [151]) (./inputyou/cardinal/cardinal.tex [152]
第4章
[153

] [154] [155] [156] [157] [158] [159] [160] [161] [162] [163] [164] [165] [166] [167]
File: inputyou/cardinal/picture/n2casan.pdf Graphic file (type pdf)
<inputyou/cardinal/picture/n2casan.pdf>

Overfull \hbox (3.02994pt too wide) detected at line 680
[]
 []

[168] [169] [170] [171] [172] [173] [174] [175] [176]
File: inputyou/cardinal//picture/heikaicard.pdf Graphic file (type pdf)
<inputyou/cardinal//picture/heikaicard.pdf>
 [177] [178] [179] [180] [181] [182] [183] [184] [185] [186] [187]

LaTeX Font Warning: Command \normalsize invalid in math mode on input line 1604.

[188] [189] [190] [191] [192] [193] [194] [195] [196] [197] [198] [199]

LaTeX Font Warning: Command \normalsize invalid in math mode on input line 2211.

[200] [201] [202] [203] [204] [205] [206] [207]

LaTeX Font Warning: Command \normalsize invalid in math mode on input line 2593.


LaTeX Font Warning: Command \normalsize invalid in math mode on input line 2604.

[208] [209]

LaTeX Font Warning: Command \normalsize invalid in math mode on input line 2686.

[210] [211] [212] [213] [214] [215] [216]

LaTeX Font Warning: Command \normalsize invalid in math mode on input line 2974.

) [217] [218

] (./inputyou/ryakkai/ryakkai.tex
LaTeX Font Info:    Font shape `JT2/gt/m/n' will be
(Font)              scaled to size 8.32242pt on input line 3.
LaTeX Font Info:    Font shape `JY2/gt/m/n' will be
(Font)              scaled to size 8.32242pt on input line 3.
LaTeX Font Info:    External font `lmex10' loaded for size
(Font)              <9> on input line 8.
 [219

] [220] [221] [222] [223] [224] [225] [226] [227] [228] [229] [230] [231] [232] [233] [234] [235] [236] [237] [238] [239] [240] [241] [242] [243] [244] [245]) (./inputyou/sankou/sankou.tex [246] [247

] [248]) (./master.aind [249] [250

]) (./master.bind
Underfull \hbox (badness 1668) in paragraph at lines 19--20
[][]\T1/lmr/m/n/8 Cauchy \JY2/mc/m/n/8 列  \T1/lmr/m/n/8 Cauchy se-quence
 []


Underfull \hbox (badness 1590) in paragraph at lines 81--82
[][]\JY2/mc/m/n/8 可算濃度  \T1/lmr/m/n/8 count-able car-di-nal
 []

[251


]
Underfull \hbox (badness 2213) in paragraph at lines 133--134
[][]\JY2/mc/m/n/8 指示関数  \T1/lmr/m/n/8 in-di-ca-tor func-tion
 []


Underfull \hbox (badness 1859) in paragraph at lines 148--149
[][]| \JY2/mc/m/n/8 準同型\T1/lmr/m/n/8 ---  ho-mo-mor-phism
 []

[252]
Underfull \hbox (badness 2452) in paragraph at lines 189--190
[][]\JY2/mc/m/n/8 順序を保つ  \T1/lmr/m/n/8 order-preserving
 []

[253]
Underfull \hbox (badness 1924) in paragraph at lines 237--238
[][]\JY2/mc/m/n/8 対称差  \T1/lmr/m/n/8 sym-met-ric dif-fer-ence
 []


Underfull \hbox (badness 2418) in paragraph at lines 239--240
[][]| \JY2/mc/m/n/8 反\T1/lmr/m/n/8 ---  anti-symmetric law
 []

[254]
Underfull \hbox (badness 2744) in paragraph at lines 330--331
[][]\JY2/mc/m/n/8 包除原理  \T1/lmr/m/n/8 inclusion-exclusion
 []

[255]) (./inputyou/okuduke/okuduke.tex
LaTeX Font Info:    Font shape `JT2/mc/bx/n' in size <14.4> not available
(Font)              Font shape `JT2/gt/m/n' tried instead on input line 14.
LaTeX Font Info:    Font shape `JT2/gt/m/n' will be
(Font)              scaled to size 13.31586pt on input line 14.
LaTeX Font Info:    Font shape `JY2/mc/bx/n' in size <14.4> not available
(Font)              Font shape `JY2/gt/m/n' tried instead on input line 14.
LaTeX Font Info:    Font shape `JY2/gt/m/n' will be
(Font)              scaled to size 13.31586pt on input line 14.
) [256

] (./master.aux) ) 
Here is how much of TeX's memory you used:
 6583 strings out of 493237
 97976 string characters out of 6144378
 189807 words of memory out of 5000000
 10295 multiletter control sequences out of 15000+600000
 116199 words of font info for 142 fonts, out of 8000000 for 9000
 934 hyphenation exceptions out of 8191
 59i,20n,94p,317b,671s stack positions out of 5000i,500n,10000p,200000b,80000s

Output written on master.dvi (268 pages, 812684 bytes).
